2018-05-07 18:29:32,008 ERROR    root            (gcloud) Command name argument expected.
2018-05-07 18:29:32,008 DEBUG    root            No implementation for release track [GA] for element: [/var/lib/jenkins/google-cloud-sdk/lib/surface/tasks]
2018-05-07 18:29:32,009 DEBUG    root            Loaded Command Group: [u'gcloud', u'feedback']
2018-05-07 18:29:32,010 DEBUG    root            Loaded Command Group: [u'gcloud', u'app']
2018-05-07 18:29:32,011 DEBUG    root            No implementation for release track [GA] for element: [/var/lib/jenkins/google-cloud-sdk/lib/surface/access_context_manager]
2018-05-07 18:29:32,012 DEBUG    root            Loaded Command Group: [u'gcloud', u'services']
2018-05-07 18:29:32,013 DEBUG    root            Loaded Command Group: [u'gcloud', u'meta']
2018-05-07 18:29:32,014 DEBUG    root            No implementation for release track [GA] for element: [/var/lib/jenkins/google-cloud-sdk/lib/surface/composer]
2018-05-07 18:29:32,014 DEBUG    root            Loaded Command Group: [u'gcloud', u'datastore']
2018-05-07 18:29:32,015 DEBUG    root            Loaded Command Group: [u'gcloud', u'help']
2018-05-07 18:29:32,015 DEBUG    root            Loaded Command Group: [u'gcloud', u'iam']
2018-05-07 18:29:32,016 DEBUG    root            No implementation for release track [GA] for element: [/var/lib/jenkins/google-cloud-sdk/lib/surface/genomics]
2018-05-07 18:29:32,017 DEBUG    root            Loaded Command Group: [u'gcloud', u'functions']
2018-05-07 18:29:32,018 DEBUG    root            No implementation for release track [GA] for element: [/var/lib/jenkins/google-cloud-sdk/lib/surface/monitoring]
2018-05-07 18:29:32,018 DEBUG    root            No implementation for release track [GA] for element: [/var/lib/jenkins/google-cloud-sdk/lib/surface/billing]
2018-05-07 18:29:32,018 DEBUG    root            No implementation for release track [GA] for element: [/var/lib/jenkins/google-cloud-sdk/lib/surface/redis]
2018-05-07 18:29:32,019 DEBUG    root            Loaded Command Group: [u'gcloud', u'source']
2018-05-07 18:29:32,021 DEBUG    root            Loaded Command Group: [u'gcloud', u'init']
2018-05-07 18:29:32,023 DEBUG    root            No implementation for release track [GA] for element: [/var/lib/jenkins/google-cloud-sdk/lib/surface/dlp]
2018-05-07 18:29:32,023 DEBUG    root            Loaded Command Group: [u'gcloud', u'kms']
2018-05-07 18:29:32,025 DEBUG    root            No implementation for release track [GA] for element: [/var/lib/jenkins/google-cloud-sdk/lib/surface/bigtable]
2018-05-07 18:29:32,025 DEBUG    root            Loaded Command Group: [u'gcloud', u'dns']
2018-05-07 18:29:32,026 DEBUG    root            Loaded Command Group: [u'gcloud', u'config']
2018-05-07 18:29:32,027 DEBUG    root            No implementation for release track [GA] for element: [/var/lib/jenkins/google-cloud-sdk/lib/surface/resources]
2018-05-07 18:29:32,028 DEBUG    root            No implementation for release track [GA] for element: [/var/lib/jenkins/google-cloud-sdk/lib/surface/cloud_shell]
2018-05-07 18:29:32,028 DEBUG    root            Loaded Command Group: [u'gcloud', u'info']
2018-05-07 18:29:32,056 DEBUG    root            No implementation for release track [GA] for element: [/var/lib/jenkins/google-cloud-sdk/lib/surface/interactive]
2018-05-07 18:29:32,056 DEBUG    root            Loaded Command Group: [u'gcloud', u'components']
2018-05-07 18:29:32,058 DEBUG    root            Loaded Command Group: [u'gcloud', u'organizations']
2018-05-07 18:29:32,059 DEBUG    root            Loaded Command Group: [u'gcloud', u'dataproc']
2018-05-07 18:29:32,066 DEBUG    root            Loaded Command Group: [u'gcloud', u'ml_engine']
2018-05-07 18:29:32,067 DEBUG    root            Loaded Command Group: [u'gcloud', u'iot']
2018-05-07 18:29:32,068 DEBUG    root            No implementation for release track [GA] for element: [/var/lib/jenkins/google-cloud-sdk/lib/surface/emulators]
2018-05-07 18:29:32,069 DEBUG    root            Loaded Command Group: [u'gcloud', u'auth']
2018-05-07 18:29:32,070 DEBUG    root            Loaded Command Group: [u'gcloud', u'debug']
2018-05-07 18:29:32,071 DEBUG    root            Loaded Command Group: [u'gcloud', u'firebase']
2018-05-07 18:29:32,071 DEBUG    root            No implementation for release track [GA] for element: [/var/lib/jenkins/google-cloud-sdk/lib/surface/category_manager]
2018-05-07 18:29:32,072 DEBUG    root            No implementation for release track [GA] for element: [/var/lib/jenkins/google-cloud-sdk/lib/surface/scheduler]
2018-05-07 18:29:32,072 DEBUG    root            Loaded Command Group: [u'gcloud', u'sql']
2018-05-07 18:29:32,073 DEBUG    root            Loaded Command Group: [u'gcloud', u'spanner']
2018-05-07 18:29:32,075 DEBUG    root            Loaded Command Group: [u'gcloud', u'container']
2018-05-07 18:29:32,076 DEBUG    root            Loaded Command Group: [u'gcloud', u'version']
2018-05-07 18:29:32,077 DEBUG    root            Loaded Command Group: [u'gcloud', u'projects']
2018-05-07 18:29:32,078 DEBUG    root            No implementation for release track [GA] for element: [/var/lib/jenkins/google-cloud-sdk/lib/surface/resource_manager]
2018-05-07 18:29:32,079 DEBUG    root            Loaded Command Group: [u'gcloud', u'topic']
2018-05-07 18:29:32,080 DEBUG    root            Loaded Command Group: [u'gcloud', u'logging']
2018-05-07 18:29:32,081 DEBUG    root            No implementation for release track [GA] for element: [/var/lib/jenkins/google-cloud-sdk/lib/surface/search_help]
2018-05-07 18:29:32,081 DEBUG    root            Loaded Command Group: [u'gcloud', u'dataflow']
2018-05-07 18:29:32,082 DEBUG    root            Loaded Command Group: [u'gcloud', u'ml']
2018-05-07 18:29:32,083 DEBUG    root            No implementation for release track [GA] for element: [/var/lib/jenkins/google-cloud-sdk/lib/surface/runtime_config]
2018-05-07 18:29:32,083 DEBUG    root            No implementation for release track [GA] for element: [/var/lib/jenkins/google-cloud-sdk/lib/surface/error_reporting]
2018-05-07 18:29:32,083 DEBUG    root            Loaded Command Group: [u'gcloud', u'domains']
2018-05-07 18:29:32,085 DEBUG    root            Loaded Command Group: [u'gcloud', u'docker']
2018-05-07 18:29:32,086 DEBUG    root            Loaded Command Group: [u'gcloud', u'endpoints']
2018-05-07 18:29:32,087 DEBUG    root            Loaded Command Group: [u'gcloud', u'pubsub']
2018-05-07 18:29:32,088 DEBUG    root            Loaded Command Group: [u'gcloud', u'deployment_manager']
