2018-05-07 18:28:28,095 ERROR    root            (gcloud) Command name argument expected.
2018-05-07 18:28:28,095 DEBUG    root            No implementation for release track [GA] for element: [/var/lib/jenkins/google-cloud-sdk/lib/surface/tasks]
2018-05-07 18:28:28,096 DEBUG    root            Loaded Command Group: [u'gcloud', u'feedback']
2018-05-07 18:28:28,097 DEBUG    root            Loaded Command Group: [u'gcloud', u'app']
2018-05-07 18:28:28,098 DEBUG    root            No implementation for release track [GA] for element: [/var/lib/jenkins/google-cloud-sdk/lib/surface/access_context_manager]
2018-05-07 18:28:28,098 DEBUG    root            Loaded Command Group: [u'gcloud', u'services']
2018-05-07 18:28:28,099 DEBUG    root            Loaded Command Group: [u'gcloud', u'meta']
2018-05-07 18:28:28,100 DEBUG    root            No implementation for release track [GA] for element: [/var/lib/jenkins/google-cloud-sdk/lib/surface/composer]
2018-05-07 18:28:28,100 DEBUG    root            Loaded Command Group: [u'gcloud', u'datastore']
2018-05-07 18:28:28,101 DEBUG    root            Loaded Command Group: [u'gcloud', u'help']
2018-05-07 18:28:28,101 DEBUG    root            Loaded Command Group: [u'gcloud', u'iam']
2018-05-07 18:28:28,102 DEBUG    root            No implementation for release track [GA] for element: [/var/lib/jenkins/google-cloud-sdk/lib/surface/genomics]
2018-05-07 18:28:28,103 DEBUG    root            Loaded Command Group: [u'gcloud', u'functions']
2018-05-07 18:28:28,103 DEBUG    root            No implementation for release track [GA] for element: [/var/lib/jenkins/google-cloud-sdk/lib/surface/monitoring]
2018-05-07 18:28:28,104 DEBUG    root            No implementation for release track [GA] for element: [/var/lib/jenkins/google-cloud-sdk/lib/surface/billing]
2018-05-07 18:28:28,104 DEBUG    root            No implementation for release track [GA] for element: [/var/lib/jenkins/google-cloud-sdk/lib/surface/redis]
2018-05-07 18:28:28,104 DEBUG    root            Loaded Command Group: [u'gcloud', u'source']
2018-05-07 18:28:28,107 DEBUG    root            Loaded Command Group: [u'gcloud', u'init']
2018-05-07 18:28:28,107 DEBUG    root            No implementation for release track [GA] for element: [/var/lib/jenkins/google-cloud-sdk/lib/surface/dlp]
2018-05-07 18:28:28,108 DEBUG    root            Loaded Command Group: [u'gcloud', u'kms']
2018-05-07 18:28:28,109 DEBUG    root            No implementation for release track [GA] for element: [/var/lib/jenkins/google-cloud-sdk/lib/surface/bigtable]
2018-05-07 18:28:28,109 DEBUG    root            Loaded Command Group: [u'gcloud', u'dns']
2018-05-07 18:28:28,110 DEBUG    root            Loaded Command Group: [u'gcloud', u'config']
2018-05-07 18:28:28,111 DEBUG    root            No implementation for release track [GA] for element: [/var/lib/jenkins/google-cloud-sdk/lib/surface/resources]
2018-05-07 18:28:28,111 DEBUG    root            No implementation for release track [GA] for element: [/var/lib/jenkins/google-cloud-sdk/lib/surface/cloud_shell]
2018-05-07 18:28:28,111 DEBUG    root            Loaded Command Group: [u'gcloud', u'info']
2018-05-07 18:28:28,137 DEBUG    root            No implementation for release track [GA] for element: [/var/lib/jenkins/google-cloud-sdk/lib/surface/interactive]
2018-05-07 18:28:28,138 DEBUG    root            Loaded Command Group: [u'gcloud', u'components']
2018-05-07 18:28:28,140 DEBUG    root            Loaded Command Group: [u'gcloud', u'organizations']
2018-05-07 18:28:28,141 DEBUG    root            Loaded Command Group: [u'gcloud', u'dataproc']
2018-05-07 18:28:28,148 DEBUG    root            Loaded Command Group: [u'gcloud', u'ml_engine']
2018-05-07 18:28:28,149 DEBUG    root            Loaded Command Group: [u'gcloud', u'iot']
2018-05-07 18:28:28,149 DEBUG    root            No implementation for release track [GA] for element: [/var/lib/jenkins/google-cloud-sdk/lib/surface/emulators]
2018-05-07 18:28:28,150 DEBUG    root            Loaded Command Group: [u'gcloud', u'auth']
2018-05-07 18:28:28,151 DEBUG    root            Loaded Command Group: [u'gcloud', u'debug']
2018-05-07 18:28:28,152 DEBUG    root            Loaded Command Group: [u'gcloud', u'firebase']
2018-05-07 18:28:28,152 DEBUG    root            No implementation for release track [GA] for element: [/var/lib/jenkins/google-cloud-sdk/lib/surface/category_manager]
2018-05-07 18:28:28,153 DEBUG    root            No implementation for release track [GA] for element: [/var/lib/jenkins/google-cloud-sdk/lib/surface/scheduler]
2018-05-07 18:28:28,153 DEBUG    root            Loaded Command Group: [u'gcloud', u'sql']
2018-05-07 18:28:28,154 DEBUG    root            Loaded Command Group: [u'gcloud', u'spanner']
2018-05-07 18:28:28,156 DEBUG    root            Loaded Command Group: [u'gcloud', u'container']
2018-05-07 18:28:28,157 DEBUG    root            Loaded Command Group: [u'gcloud', u'version']
2018-05-07 18:28:28,158 DEBUG    root            Loaded Command Group: [u'gcloud', u'projects']
2018-05-07 18:28:28,159 DEBUG    root            No implementation for release track [GA] for element: [/var/lib/jenkins/google-cloud-sdk/lib/surface/resource_manager]
2018-05-07 18:28:28,159 DEBUG    root            Loaded Command Group: [u'gcloud', u'topic']
2018-05-07 18:28:28,160 DEBUG    root            Loaded Command Group: [u'gcloud', u'logging']
2018-05-07 18:28:28,161 DEBUG    root            No implementation for release track [GA] for element: [/var/lib/jenkins/google-cloud-sdk/lib/surface/search_help]
2018-05-07 18:28:28,162 DEBUG    root            Loaded Command Group: [u'gcloud', u'dataflow']
2018-05-07 18:28:28,162 DEBUG    root            Loaded Command Group: [u'gcloud', u'ml']
2018-05-07 18:28:28,163 DEBUG    root            No implementation for release track [GA] for element: [/var/lib/jenkins/google-cloud-sdk/lib/surface/runtime_config]
2018-05-07 18:28:28,164 DEBUG    root            No implementation for release track [GA] for element: [/var/lib/jenkins/google-cloud-sdk/lib/surface/error_reporting]
2018-05-07 18:28:28,164 DEBUG    root            Loaded Command Group: [u'gcloud', u'domains']
2018-05-07 18:28:28,166 DEBUG    root            Loaded Command Group: [u'gcloud', u'docker']
2018-05-07 18:28:28,167 DEBUG    root            Loaded Command Group: [u'gcloud', u'endpoints']
2018-05-07 18:28:28,168 DEBUG    root            Loaded Command Group: [u'gcloud', u'pubsub']
2018-05-07 18:28:28,169 DEBUG    root            Loaded Command Group: [u'gcloud', u'deployment_manager']
