2018-05-07 18:46:21,961 ERROR    root            (gcloud) Command name argument expected.
2018-05-07 18:46:21,961 DEBUG    root            No implementation for release track [GA] for element: [/var/lib/jenkins/google-cloud-sdk/lib/surface/tasks]
2018-05-07 18:46:21,962 DEBUG    root            Loaded Command Group: [u'gcloud', u'feedback']
2018-05-07 18:46:21,963 DEBUG    root            Loaded Command Group: [u'gcloud', u'app']
2018-05-07 18:46:21,964 DEBUG    root            No implementation for release track [GA] for element: [/var/lib/jenkins/google-cloud-sdk/lib/surface/access_context_manager]
2018-05-07 18:46:21,964 DEBUG    root            Loaded Command Group: [u'gcloud', u'services']
2018-05-07 18:46:21,965 DEBUG    root            Loaded Command Group: [u'gcloud', u'meta']
2018-05-07 18:46:21,966 DEBUG    root            No implementation for release track [GA] for element: [/var/lib/jenkins/google-cloud-sdk/lib/surface/composer]
2018-05-07 18:46:21,966 DEBUG    root            Loaded Command Group: [u'gcloud', u'datastore']
2018-05-07 18:46:21,967 DEBUG    root            Loaded Command Group: [u'gcloud', u'help']
2018-05-07 18:46:21,968 DEBUG    root            Loaded Command Group: [u'gcloud', u'iam']
2018-05-07 18:46:21,969 DEBUG    root            No implementation for release track [GA] for element: [/var/lib/jenkins/google-cloud-sdk/lib/surface/genomics]
2018-05-07 18:46:21,969 DEBUG    root            Loaded Command Group: [u'gcloud', u'functions']
2018-05-07 18:46:21,970 DEBUG    root            No implementation for release track [GA] for element: [/var/lib/jenkins/google-cloud-sdk/lib/surface/monitoring]
2018-05-07 18:46:21,970 DEBUG    root            No implementation for release track [GA] for element: [/var/lib/jenkins/google-cloud-sdk/lib/surface/billing]
2018-05-07 18:46:21,970 DEBUG    root            No implementation for release track [GA] for element: [/var/lib/jenkins/google-cloud-sdk/lib/surface/redis]
2018-05-07 18:46:21,971 DEBUG    root            Loaded Command Group: [u'gcloud', u'source']
2018-05-07 18:46:21,973 DEBUG    root            Loaded Command Group: [u'gcloud', u'init']
2018-05-07 18:46:21,974 DEBUG    root            No implementation for release track [GA] for element: [/var/lib/jenkins/google-cloud-sdk/lib/surface/dlp]
2018-05-07 18:46:21,974 DEBUG    root            Loaded Command Group: [u'gcloud', u'kms']
2018-05-07 18:46:21,975 DEBUG    root            No implementation for release track [GA] for element: [/var/lib/jenkins/google-cloud-sdk/lib/surface/bigtable]
2018-05-07 18:46:21,976 DEBUG    root            Loaded Command Group: [u'gcloud', u'dns']
2018-05-07 18:46:21,977 DEBUG    root            Loaded Command Group: [u'gcloud', u'config']
2018-05-07 18:46:21,978 DEBUG    root            No implementation for release track [GA] for element: [/var/lib/jenkins/google-cloud-sdk/lib/surface/resources]
2018-05-07 18:46:21,979 DEBUG    root            No implementation for release track [GA] for element: [/var/lib/jenkins/google-cloud-sdk/lib/surface/cloud_shell]
2018-05-07 18:46:21,979 DEBUG    root            Loaded Command Group: [u'gcloud', u'info']
2018-05-07 18:46:22,007 DEBUG    root            No implementation for release track [GA] for element: [/var/lib/jenkins/google-cloud-sdk/lib/surface/interactive]
2018-05-07 18:46:22,007 DEBUG    root            Loaded Command Group: [u'gcloud', u'components']
2018-05-07 18:46:22,009 DEBUG    root            Loaded Command Group: [u'gcloud', u'organizations']
2018-05-07 18:46:22,010 DEBUG    root            Loaded Command Group: [u'gcloud', u'dataproc']
2018-05-07 18:46:22,017 DEBUG    root            Loaded Command Group: [u'gcloud', u'ml_engine']
2018-05-07 18:46:22,018 DEBUG    root            Loaded Command Group: [u'gcloud', u'iot']
2018-05-07 18:46:22,019 DEBUG    root            No implementation for release track [GA] for element: [/var/lib/jenkins/google-cloud-sdk/lib/surface/emulators]
2018-05-07 18:46:22,019 DEBUG    root            Loaded Command Group: [u'gcloud', u'auth']
2018-05-07 18:46:22,020 DEBUG    root            Loaded Command Group: [u'gcloud', u'debug']
2018-05-07 18:46:22,021 DEBUG    root            Loaded Command Group: [u'gcloud', u'firebase']
2018-05-07 18:46:22,022 DEBUG    root            No implementation for release track [GA] for element: [/var/lib/jenkins/google-cloud-sdk/lib/surface/category_manager]
2018-05-07 18:46:22,022 DEBUG    root            No implementation for release track [GA] for element: [/var/lib/jenkins/google-cloud-sdk/lib/surface/scheduler]
2018-05-07 18:46:22,023 DEBUG    root            Loaded Command Group: [u'gcloud', u'sql']
2018-05-07 18:46:22,024 DEBUG    root            Loaded Command Group: [u'gcloud', u'spanner']
2018-05-07 18:46:22,026 DEBUG    root            Loaded Command Group: [u'gcloud', u'container']
2018-05-07 18:46:22,027 DEBUG    root            Loaded Command Group: [u'gcloud', u'version']
2018-05-07 18:46:22,027 DEBUG    root            Loaded Command Group: [u'gcloud', u'projects']
2018-05-07 18:46:22,028 DEBUG    root            No implementation for release track [GA] for element: [/var/lib/jenkins/google-cloud-sdk/lib/surface/resource_manager]
2018-05-07 18:46:22,029 DEBUG    root            Loaded Command Group: [u'gcloud', u'topic']
2018-05-07 18:46:22,030 DEBUG    root            Loaded Command Group: [u'gcloud', u'logging']
2018-05-07 18:46:22,031 DEBUG    root            No implementation for release track [GA] for element: [/var/lib/jenkins/google-cloud-sdk/lib/surface/search_help]
2018-05-07 18:46:22,031 DEBUG    root            Loaded Command Group: [u'gcloud', u'dataflow']
2018-05-07 18:46:22,032 DEBUG    root            Loaded Command Group: [u'gcloud', u'ml']
2018-05-07 18:46:22,033 DEBUG    root            No implementation for release track [GA] for element: [/var/lib/jenkins/google-cloud-sdk/lib/surface/runtime_config]
2018-05-07 18:46:22,033 DEBUG    root            No implementation for release track [GA] for element: [/var/lib/jenkins/google-cloud-sdk/lib/surface/error_reporting]
2018-05-07 18:46:22,034 DEBUG    root            Loaded Command Group: [u'gcloud', u'domains']
2018-05-07 18:46:22,035 DEBUG    root            Loaded Command Group: [u'gcloud', u'docker']
2018-05-07 18:46:22,036 DEBUG    root            Loaded Command Group: [u'gcloud', u'endpoints']
2018-05-07 18:46:22,037 DEBUG    root            Loaded Command Group: [u'gcloud', u'pubsub']
2018-05-07 18:46:22,038 DEBUG    root            Loaded Command Group: [u'gcloud', u'deployment_manager']
