2018-05-07 18:48:53,952 ERROR    root            (gcloud) Command name argument expected.
2018-05-07 18:48:53,953 DEBUG    root            No implementation for release track [GA] for element: [/var/lib/jenkins/workspace/EMS-k8s-deployment/google-cloud-sdk/lib/surface/tasks]
2018-05-07 18:48:53,957 DEBUG    root            Loaded Command Group: [u'gcloud', u'feedback']
2018-05-07 18:48:53,958 DEBUG    root            Loaded Command Group: [u'gcloud', u'app']
2018-05-07 18:48:53,959 DEBUG    root            No implementation for release track [GA] for element: [/var/lib/jenkins/workspace/EMS-k8s-deployment/google-cloud-sdk/lib/surface/access_context_manager]
2018-05-07 18:48:53,959 DEBUG    root            Loaded Command Group: [u'gcloud', u'services']
2018-05-07 18:48:53,960 DEBUG    root            Loaded Command Group: [u'gcloud', u'meta']
2018-05-07 18:48:53,961 DEBUG    root            No implementation for release track [GA] for element: [/var/lib/jenkins/workspace/EMS-k8s-deployment/google-cloud-sdk/lib/surface/composer]
2018-05-07 18:48:53,962 DEBUG    root            Loaded Command Group: [u'gcloud', u'datastore']
2018-05-07 18:48:53,962 DEBUG    root            Loaded Command Group: [u'gcloud', u'help']
2018-05-07 18:48:53,963 DEBUG    root            Loaded Command Group: [u'gcloud', u'iam']
2018-05-07 18:48:53,964 DEBUG    root            No implementation for release track [GA] for element: [/var/lib/jenkins/workspace/EMS-k8s-deployment/google-cloud-sdk/lib/surface/genomics]
2018-05-07 18:48:53,965 DEBUG    root            Loaded Command Group: [u'gcloud', u'functions']
2018-05-07 18:48:53,967 DEBUG    root            No implementation for release track [GA] for element: [/var/lib/jenkins/workspace/EMS-k8s-deployment/google-cloud-sdk/lib/surface/monitoring]
2018-05-07 18:48:53,967 DEBUG    root            No implementation for release track [GA] for element: [/var/lib/jenkins/workspace/EMS-k8s-deployment/google-cloud-sdk/lib/surface/billing]
2018-05-07 18:48:53,967 DEBUG    root            No implementation for release track [GA] for element: [/var/lib/jenkins/workspace/EMS-k8s-deployment/google-cloud-sdk/lib/surface/redis]
2018-05-07 18:48:53,968 DEBUG    root            Loaded Command Group: [u'gcloud', u'source']
2018-05-07 18:48:53,970 DEBUG    root            Loaded Command Group: [u'gcloud', u'init']
2018-05-07 18:48:53,971 DEBUG    root            No implementation for release track [GA] for element: [/var/lib/jenkins/workspace/EMS-k8s-deployment/google-cloud-sdk/lib/surface/dlp]
2018-05-07 18:48:53,972 DEBUG    root            Loaded Command Group: [u'gcloud', u'kms']
2018-05-07 18:48:53,973 DEBUG    root            No implementation for release track [GA] for element: [/var/lib/jenkins/workspace/EMS-k8s-deployment/google-cloud-sdk/lib/surface/bigtable]
2018-05-07 18:48:53,973 DEBUG    root            Loaded Command Group: [u'gcloud', u'dns']
2018-05-07 18:48:53,974 DEBUG    root            Loaded Command Group: [u'gcloud', u'config']
2018-05-07 18:48:53,975 DEBUG    root            No implementation for release track [GA] for element: [/var/lib/jenkins/workspace/EMS-k8s-deployment/google-cloud-sdk/lib/surface/resources]
2018-05-07 18:48:53,975 DEBUG    root            No implementation for release track [GA] for element: [/var/lib/jenkins/workspace/EMS-k8s-deployment/google-cloud-sdk/lib/surface/cloud_shell]
2018-05-07 18:48:53,976 DEBUG    root            Loaded Command Group: [u'gcloud', u'info']
2018-05-07 18:48:54,091 DEBUG    root            No implementation for release track [GA] for element: [/var/lib/jenkins/workspace/EMS-k8s-deployment/google-cloud-sdk/lib/surface/interactive]
2018-05-07 18:48:54,091 DEBUG    root            Loaded Command Group: [u'gcloud', u'components']
2018-05-07 18:48:54,093 DEBUG    root            Loaded Command Group: [u'gcloud', u'organizations']
2018-05-07 18:48:54,094 DEBUG    root            Loaded Command Group: [u'gcloud', u'dataproc']
2018-05-07 18:48:54,107 DEBUG    root            Loaded Command Group: [u'gcloud', u'ml_engine']
2018-05-07 18:48:54,109 DEBUG    root            Loaded Command Group: [u'gcloud', u'iot']
2018-05-07 18:48:54,110 DEBUG    root            No implementation for release track [GA] for element: [/var/lib/jenkins/workspace/EMS-k8s-deployment/google-cloud-sdk/lib/surface/emulators]
2018-05-07 18:48:54,110 DEBUG    root            Loaded Command Group: [u'gcloud', u'auth']
2018-05-07 18:48:54,111 DEBUG    root            Loaded Command Group: [u'gcloud', u'debug']
2018-05-07 18:48:54,112 DEBUG    root            Loaded Command Group: [u'gcloud', u'firebase']
2018-05-07 18:48:54,113 DEBUG    root            No implementation for release track [GA] for element: [/var/lib/jenkins/workspace/EMS-k8s-deployment/google-cloud-sdk/lib/surface/category_manager]
2018-05-07 18:48:54,114 DEBUG    root            No implementation for release track [GA] for element: [/var/lib/jenkins/workspace/EMS-k8s-deployment/google-cloud-sdk/lib/surface/scheduler]
2018-05-07 18:48:54,114 DEBUG    root            Loaded Command Group: [u'gcloud', u'sql']
2018-05-07 18:48:54,115 DEBUG    root            Loaded Command Group: [u'gcloud', u'spanner']
2018-05-07 18:48:54,126 DEBUG    root            Loaded Command Group: [u'gcloud', u'container']
2018-05-07 18:48:54,127 DEBUG    root            Loaded Command Group: [u'gcloud', u'version']
2018-05-07 18:48:54,128 DEBUG    root            Loaded Command Group: [u'gcloud', u'projects']
2018-05-07 18:48:54,129 DEBUG    root            No implementation for release track [GA] for element: [/var/lib/jenkins/workspace/EMS-k8s-deployment/google-cloud-sdk/lib/surface/resource_manager]
2018-05-07 18:48:54,129 DEBUG    root            Loaded Command Group: [u'gcloud', u'topic']
2018-05-07 18:48:54,130 DEBUG    root            Loaded Command Group: [u'gcloud', u'logging']
2018-05-07 18:48:54,133 DEBUG    root            No implementation for release track [GA] for element: [/var/lib/jenkins/workspace/EMS-k8s-deployment/google-cloud-sdk/lib/surface/search_help]
2018-05-07 18:48:54,134 DEBUG    root            Loaded Command Group: [u'gcloud', u'dataflow']
2018-05-07 18:48:54,135 DEBUG    root            Loaded Command Group: [u'gcloud', u'ml']
2018-05-07 18:48:54,136 DEBUG    root            No implementation for release track [GA] for element: [/var/lib/jenkins/workspace/EMS-k8s-deployment/google-cloud-sdk/lib/surface/runtime_config]
2018-05-07 18:48:54,136 DEBUG    root            No implementation for release track [GA] for element: [/var/lib/jenkins/workspace/EMS-k8s-deployment/google-cloud-sdk/lib/surface/error_reporting]
2018-05-07 18:48:54,136 DEBUG    root            Loaded Command Group: [u'gcloud', u'domains']
2018-05-07 18:48:54,140 DEBUG    root            Loaded Command Group: [u'gcloud', u'docker']
2018-05-07 18:48:54,141 DEBUG    root            Loaded Command Group: [u'gcloud', u'endpoints']
2018-05-07 18:48:54,142 DEBUG    root            Loaded Command Group: [u'gcloud', u'pubsub']
2018-05-07 18:48:54,143 DEBUG    root            Loaded Command Group: [u'gcloud', u'deployment_manager']
2018-05-07 18:48:54,148 DEBUG    root            Metrics reporting process started...
