2018-05-11 16:24:09,882 DEBUG    root            Loaded Command Group: [u'gcloud', u'config']
2018-05-11 16:24:09,884 DEBUG    root            Loaded Command Group: [u'gcloud', u'config', u'config_helper']
2018-05-11 16:24:09,886 DEBUG    root            Running [gcloud.config.config-helper] with arguments: [--format: "json"]
2018-05-11 16:24:09,888 INFO     root            Display format: "default json"
2018-05-11 16:24:09,889 INFO     ___FILE_ONLY___ {
  "configuration": {
    "active_configuration": "amu2812",
    "properties": {
      "core": {
        "account": "amu2812@gmail.com",
        "disable_usage_reporting": "False",
        "project": "elevated-module-203506"
      }
    }
  },
  "credential": {
    "access_token": "ya29.Gly4BWWoNXYHR_TAM0oTkRlY_05OBrPRAjAsbdIFEwKTMgsnEAQyKj888trBBYhX7K5Qz4AqP1rreT1oY3bQgBsiTq_urgJUNiLdu35kf9CYasgzsqgkWOvpoh2R6A",
    "token_expiry": "2018-05-11T11:49:15Z"
  },
  "sentinels": {
    "config_sentinel": "/var/lib/jenkins/.config/gcloud/config_sentinel"
  }
}
2018-05-11 16:24:09,889 INFO     ___FILE_ONLY___ 

2018-05-11 16:24:10,103 DEBUG    root            Metrics reporting process started...
