2018-05-08 10:52:50,533 DEBUG    root            Metrics collector initialized...
2018-05-08 10:52:50,537 DEBUG    root            Loaded Command Group: [u'gcloud', u'components']
2018-05-08 10:52:50,539 DEBUG    root            Loaded Command Group: [u'gcloud', u'components', u'list']
2018-05-08 10:52:50,541 DEBUG    root            Running [gcloud.components.list] with arguments: [--quiet: "True"]
2018-05-08 10:52:51,650 INFO     ___FILE_ONLY___ 
Your current Cloud SDK version is: 200.0.0

2018-05-08 10:52:51,651 INFO     ___FILE_ONLY___ The latest available version is: 200.0.0

2018-05-08 10:52:51,651 INFO     ___FILE_ONLY___ 

2018-05-08 10:52:51,651 INFO     root            Display format: "table[box,title="Components"](state.name:label=Status,name:label=Name,id:label=ID,size.size(zero="",min=1048576):label=Size:align=right)"
2018-05-08 10:52:51,655 INFO     ___FILE_ONLY___ +-------------------------------------------------------------------------------------------------------------+
2018-05-08 10:52:51,655 INFO     ___FILE_ONLY___ 

2018-05-08 10:52:51,655 INFO     ___FILE_ONLY___ |                                                  Components                                                 |
2018-05-08 10:52:51,655 INFO     ___FILE_ONLY___ 

2018-05-08 10:52:51,655 INFO     ___FILE_ONLY___ +---------------+------------------------------------------------------+--------------------------+-----------+
2018-05-08 10:52:51,655 INFO     ___FILE_ONLY___ 

2018-05-08 10:52:51,655 INFO     ___FILE_ONLY___ |     Status    |                         Name                         |            ID            |    Size   |
2018-05-08 10:52:51,655 INFO     ___FILE_ONLY___ 

2018-05-08 10:52:51,655 INFO     ___FILE_ONLY___ +---------------+------------------------------------------------------+--------------------------+-----------+
2018-05-08 10:52:51,655 INFO     ___FILE_ONLY___ 

2018-05-08 10:52:51,656 INFO     ___FILE_ONLY___ | 
2018-05-08 10:52:51,656 INFO     ___FILE_ONLY___ Not Installed
2018-05-08 10:52:51,656 INFO     ___FILE_ONLY___  
2018-05-08 10:52:51,656 INFO     ___FILE_ONLY___ | 
2018-05-08 10:52:51,656 INFO     ___FILE_ONLY___ App Engine Go Extensions                            
2018-05-08 10:52:51,656 INFO     ___FILE_ONLY___  
2018-05-08 10:52:51,656 INFO     ___FILE_ONLY___ | 
2018-05-08 10:52:51,656 INFO     ___FILE_ONLY___ app-engine-go           
2018-05-08 10:52:51,656 INFO     ___FILE_ONLY___  
2018-05-08 10:52:51,656 INFO     ___FILE_ONLY___ | 
2018-05-08 10:52:51,656 INFO     ___FILE_ONLY___ 151.9 MiB
2018-05-08 10:52:51,656 INFO     ___FILE_ONLY___  
2018-05-08 10:52:51,656 INFO     ___FILE_ONLY___ |
2018-05-08 10:52:51,656 INFO     ___FILE_ONLY___ 

2018-05-08 10:52:51,656 INFO     ___FILE_ONLY___ | 
2018-05-08 10:52:51,656 INFO     ___FILE_ONLY___ Not Installed
2018-05-08 10:52:51,656 INFO     ___FILE_ONLY___  
2018-05-08 10:52:51,657 INFO     ___FILE_ONLY___ | 
2018-05-08 10:52:51,657 INFO     ___FILE_ONLY___ Cloud Bigtable Command Line Tool                    
2018-05-08 10:52:51,657 INFO     ___FILE_ONLY___  
2018-05-08 10:52:51,657 INFO     ___FILE_ONLY___ | 
2018-05-08 10:52:51,657 INFO     ___FILE_ONLY___ cbt                     
2018-05-08 10:52:51,657 INFO     ___FILE_ONLY___  
2018-05-08 10:52:51,657 INFO     ___FILE_ONLY___ | 
2018-05-08 10:52:51,657 INFO     ___FILE_ONLY___   4.7 MiB
2018-05-08 10:52:51,657 INFO     ___FILE_ONLY___  
2018-05-08 10:52:51,657 INFO     ___FILE_ONLY___ |
2018-05-08 10:52:51,657 INFO     ___FILE_ONLY___ 

2018-05-08 10:52:51,657 INFO     ___FILE_ONLY___ | 
2018-05-08 10:52:51,657 INFO     ___FILE_ONLY___ Not Installed
2018-05-08 10:52:51,657 INFO     ___FILE_ONLY___  
2018-05-08 10:52:51,657 INFO     ___FILE_ONLY___ | 
2018-05-08 10:52:51,657 INFO     ___FILE_ONLY___ Cloud Bigtable Emulator                             
2018-05-08 10:52:51,657 INFO     ___FILE_ONLY___  
2018-05-08 10:52:51,657 INFO     ___FILE_ONLY___ | 
2018-05-08 10:52:51,658 INFO     ___FILE_ONLY___ bigtable                
2018-05-08 10:52:51,658 INFO     ___FILE_ONLY___  
2018-05-08 10:52:51,658 INFO     ___FILE_ONLY___ | 
2018-05-08 10:52:51,658 INFO     ___FILE_ONLY___   3.7 MiB
2018-05-08 10:52:51,658 INFO     ___FILE_ONLY___  
2018-05-08 10:52:51,658 INFO     ___FILE_ONLY___ |
2018-05-08 10:52:51,658 INFO     ___FILE_ONLY___ 

2018-05-08 10:52:51,658 INFO     ___FILE_ONLY___ | 
2018-05-08 10:52:51,658 INFO     ___FILE_ONLY___ Not Installed
2018-05-08 10:52:51,658 INFO     ___FILE_ONLY___  
2018-05-08 10:52:51,658 INFO     ___FILE_ONLY___ | 
2018-05-08 10:52:51,658 INFO     ___FILE_ONLY___ Cloud Datalab Command Line Tool                     
2018-05-08 10:52:51,658 INFO     ___FILE_ONLY___  
2018-05-08 10:52:51,658 INFO     ___FILE_ONLY___ | 
2018-05-08 10:52:51,658 INFO     ___FILE_ONLY___ datalab                 
2018-05-08 10:52:51,658 INFO     ___FILE_ONLY___  
2018-05-08 10:52:51,658 INFO     ___FILE_ONLY___ | 
2018-05-08 10:52:51,659 INFO     ___FILE_ONLY___   < 1 MiB
2018-05-08 10:52:51,659 INFO     ___FILE_ONLY___  
2018-05-08 10:52:51,659 INFO     ___FILE_ONLY___ |
2018-05-08 10:52:51,659 INFO     ___FILE_ONLY___ 

2018-05-08 10:52:51,659 INFO     ___FILE_ONLY___ | 
2018-05-08 10:52:51,659 INFO     ___FILE_ONLY___ Not Installed
2018-05-08 10:52:51,659 INFO     ___FILE_ONLY___  
2018-05-08 10:52:51,659 INFO     ___FILE_ONLY___ | 
2018-05-08 10:52:51,659 INFO     ___FILE_ONLY___ Cloud Datastore Emulator                            
2018-05-08 10:52:51,659 INFO     ___FILE_ONLY___  
2018-05-08 10:52:51,659 INFO     ___FILE_ONLY___ | 
2018-05-08 10:52:51,659 INFO     ___FILE_ONLY___ cloud-datastore-emulator
2018-05-08 10:52:51,659 INFO     ___FILE_ONLY___  
2018-05-08 10:52:51,659 INFO     ___FILE_ONLY___ | 
2018-05-08 10:52:51,659 INFO     ___FILE_ONLY___  17.9 MiB
2018-05-08 10:52:51,659 INFO     ___FILE_ONLY___  
2018-05-08 10:52:51,659 INFO     ___FILE_ONLY___ |
2018-05-08 10:52:51,659 INFO     ___FILE_ONLY___ 

2018-05-08 10:52:51,660 INFO     ___FILE_ONLY___ | 
2018-05-08 10:52:51,660 INFO     ___FILE_ONLY___ Not Installed
2018-05-08 10:52:51,660 INFO     ___FILE_ONLY___  
2018-05-08 10:52:51,660 INFO     ___FILE_ONLY___ | 
2018-05-08 10:52:51,660 INFO     ___FILE_ONLY___ Cloud Datastore Emulator (Legacy)                   
2018-05-08 10:52:51,660 INFO     ___FILE_ONLY___  
2018-05-08 10:52:51,660 INFO     ___FILE_ONLY___ | 
2018-05-08 10:52:51,660 INFO     ___FILE_ONLY___ gcd-emulator            
2018-05-08 10:52:51,660 INFO     ___FILE_ONLY___  
2018-05-08 10:52:51,660 INFO     ___FILE_ONLY___ | 
2018-05-08 10:52:51,660 INFO     ___FILE_ONLY___  38.1 MiB
2018-05-08 10:52:51,660 INFO     ___FILE_ONLY___  
2018-05-08 10:52:51,660 INFO     ___FILE_ONLY___ |
2018-05-08 10:52:51,660 INFO     ___FILE_ONLY___ 

2018-05-08 10:52:51,660 INFO     ___FILE_ONLY___ | 
2018-05-08 10:52:51,660 INFO     ___FILE_ONLY___ Not Installed
2018-05-08 10:52:51,660 INFO     ___FILE_ONLY___  
2018-05-08 10:52:51,661 INFO     ___FILE_ONLY___ | 
2018-05-08 10:52:51,661 INFO     ___FILE_ONLY___ Cloud Pub/Sub Emulator                              
2018-05-08 10:52:51,661 INFO     ___FILE_ONLY___  
2018-05-08 10:52:51,661 INFO     ___FILE_ONLY___ | 
2018-05-08 10:52:51,661 INFO     ___FILE_ONLY___ pubsub-emulator         
2018-05-08 10:52:51,661 INFO     ___FILE_ONLY___  
2018-05-08 10:52:51,661 INFO     ___FILE_ONLY___ | 
2018-05-08 10:52:51,661 INFO     ___FILE_ONLY___  33.4 MiB
2018-05-08 10:52:51,661 INFO     ___FILE_ONLY___  
2018-05-08 10:52:51,661 INFO     ___FILE_ONLY___ |
2018-05-08 10:52:51,661 INFO     ___FILE_ONLY___ 

2018-05-08 10:52:51,661 INFO     ___FILE_ONLY___ | 
2018-05-08 10:52:51,661 INFO     ___FILE_ONLY___ Not Installed
2018-05-08 10:52:51,661 INFO     ___FILE_ONLY___  
2018-05-08 10:52:51,661 INFO     ___FILE_ONLY___ | 
2018-05-08 10:52:51,661 INFO     ___FILE_ONLY___ Emulator Reverse Proxy                              
2018-05-08 10:52:51,661 INFO     ___FILE_ONLY___  
2018-05-08 10:52:51,662 INFO     ___FILE_ONLY___ | 
2018-05-08 10:52:51,662 INFO     ___FILE_ONLY___ emulator-reverse-proxy  
2018-05-08 10:52:51,662 INFO     ___FILE_ONLY___  
2018-05-08 10:52:51,662 INFO     ___FILE_ONLY___ | 
2018-05-08 10:52:51,662 INFO     ___FILE_ONLY___  14.5 MiB
2018-05-08 10:52:51,662 INFO     ___FILE_ONLY___  
2018-05-08 10:52:51,662 INFO     ___FILE_ONLY___ |
2018-05-08 10:52:51,662 INFO     ___FILE_ONLY___ 

2018-05-08 10:52:51,662 INFO     ___FILE_ONLY___ | 
2018-05-08 10:52:51,662 INFO     ___FILE_ONLY___ Not Installed
2018-05-08 10:52:51,662 INFO     ___FILE_ONLY___  
2018-05-08 10:52:51,662 INFO     ___FILE_ONLY___ | 
2018-05-08 10:52:51,662 INFO     ___FILE_ONLY___ Google Container Local Builder                      
2018-05-08 10:52:51,662 INFO     ___FILE_ONLY___  
2018-05-08 10:52:51,662 INFO     ___FILE_ONLY___ | 
2018-05-08 10:52:51,662 INFO     ___FILE_ONLY___ container-builder-local 
2018-05-08 10:52:51,662 INFO     ___FILE_ONLY___  
2018-05-08 10:52:51,663 INFO     ___FILE_ONLY___ | 
2018-05-08 10:52:51,663 INFO     ___FILE_ONLY___   4.4 MiB
2018-05-08 10:52:51,663 INFO     ___FILE_ONLY___  
2018-05-08 10:52:51,663 INFO     ___FILE_ONLY___ |
2018-05-08 10:52:51,663 INFO     ___FILE_ONLY___ 

2018-05-08 10:52:51,663 INFO     ___FILE_ONLY___ | 
2018-05-08 10:52:51,663 INFO     ___FILE_ONLY___ Not Installed
2018-05-08 10:52:51,663 INFO     ___FILE_ONLY___  
2018-05-08 10:52:51,663 INFO     ___FILE_ONLY___ | 
2018-05-08 10:52:51,663 INFO     ___FILE_ONLY___ Google Container Registry's Docker credential helper
2018-05-08 10:52:51,663 INFO     ___FILE_ONLY___  
2018-05-08 10:52:51,663 INFO     ___FILE_ONLY___ | 
2018-05-08 10:52:51,663 INFO     ___FILE_ONLY___ docker-credential-gcr   
2018-05-08 10:52:51,663 INFO     ___FILE_ONLY___  
2018-05-08 10:52:51,663 INFO     ___FILE_ONLY___ | 
2018-05-08 10:52:51,663 INFO     ___FILE_ONLY___   3.3 MiB
2018-05-08 10:52:51,664 INFO     ___FILE_ONLY___  
2018-05-08 10:52:51,664 INFO     ___FILE_ONLY___ |
2018-05-08 10:52:51,664 INFO     ___FILE_ONLY___ 

2018-05-08 10:52:51,664 INFO     ___FILE_ONLY___ | 
2018-05-08 10:52:51,664 INFO     ___FILE_ONLY___ Not Installed
2018-05-08 10:52:51,664 INFO     ___FILE_ONLY___  
2018-05-08 10:52:51,664 INFO     ___FILE_ONLY___ | 
2018-05-08 10:52:51,664 INFO     ___FILE_ONLY___ gcloud Alpha Commands                               
2018-05-08 10:52:51,664 INFO     ___FILE_ONLY___  
2018-05-08 10:52:51,664 INFO     ___FILE_ONLY___ | 
2018-05-08 10:52:51,664 INFO     ___FILE_ONLY___ alpha                   
2018-05-08 10:52:51,664 INFO     ___FILE_ONLY___  
2018-05-08 10:52:51,664 INFO     ___FILE_ONLY___ | 
2018-05-08 10:52:51,664 INFO     ___FILE_ONLY___   < 1 MiB
2018-05-08 10:52:51,664 INFO     ___FILE_ONLY___  
2018-05-08 10:52:51,664 INFO     ___FILE_ONLY___ |
2018-05-08 10:52:51,664 INFO     ___FILE_ONLY___ 

2018-05-08 10:52:51,664 INFO     ___FILE_ONLY___ | 
2018-05-08 10:52:51,665 INFO     ___FILE_ONLY___ Not Installed
2018-05-08 10:52:51,665 INFO     ___FILE_ONLY___  
2018-05-08 10:52:51,665 INFO     ___FILE_ONLY___ | 
2018-05-08 10:52:51,665 INFO     ___FILE_ONLY___ gcloud Beta Commands                                
2018-05-08 10:52:51,665 INFO     ___FILE_ONLY___  
2018-05-08 10:52:51,665 INFO     ___FILE_ONLY___ | 
2018-05-08 10:52:51,665 INFO     ___FILE_ONLY___ beta                    
2018-05-08 10:52:51,665 INFO     ___FILE_ONLY___  
2018-05-08 10:52:51,665 INFO     ___FILE_ONLY___ | 
2018-05-08 10:52:51,665 INFO     ___FILE_ONLY___   < 1 MiB
2018-05-08 10:52:51,665 INFO     ___FILE_ONLY___  
2018-05-08 10:52:51,665 INFO     ___FILE_ONLY___ |
2018-05-08 10:52:51,665 INFO     ___FILE_ONLY___ 

2018-05-08 10:52:51,665 INFO     ___FILE_ONLY___ | 
2018-05-08 10:52:51,665 INFO     ___FILE_ONLY___ Not Installed
2018-05-08 10:52:51,665 INFO     ___FILE_ONLY___  
2018-05-08 10:52:51,665 INFO     ___FILE_ONLY___ | 
2018-05-08 10:52:51,665 INFO     ___FILE_ONLY___ gcloud app Java Extensions                          
2018-05-08 10:52:51,666 INFO     ___FILE_ONLY___  
2018-05-08 10:52:51,666 INFO     ___FILE_ONLY___ | 
2018-05-08 10:52:51,666 INFO     ___FILE_ONLY___ app-engine-java         
2018-05-08 10:52:51,666 INFO     ___FILE_ONLY___  
2018-05-08 10:52:51,666 INFO     ___FILE_ONLY___ | 
2018-05-08 10:52:51,666 INFO     ___FILE_ONLY___ 118.9 MiB
2018-05-08 10:52:51,666 INFO     ___FILE_ONLY___  
2018-05-08 10:52:51,666 INFO     ___FILE_ONLY___ |
2018-05-08 10:52:51,666 INFO     ___FILE_ONLY___ 

2018-05-08 10:52:51,666 INFO     ___FILE_ONLY___ | 
2018-05-08 10:52:51,666 INFO     ___FILE_ONLY___ Not Installed
2018-05-08 10:52:51,666 INFO     ___FILE_ONLY___  
2018-05-08 10:52:51,666 INFO     ___FILE_ONLY___ | 
2018-05-08 10:52:51,666 INFO     ___FILE_ONLY___ gcloud app PHP Extensions                           
2018-05-08 10:52:51,666 INFO     ___FILE_ONLY___  
2018-05-08 10:52:51,666 INFO     ___FILE_ONLY___ | 
2018-05-08 10:52:51,666 INFO     ___FILE_ONLY___ app-engine-php          
2018-05-08 10:52:51,667 INFO     ___FILE_ONLY___  
2018-05-08 10:52:51,667 INFO     ___FILE_ONLY___ | 
2018-05-08 10:52:51,667 INFO     ___FILE_ONLY___          
2018-05-08 10:52:51,667 INFO     ___FILE_ONLY___  
2018-05-08 10:52:51,667 INFO     ___FILE_ONLY___ |
2018-05-08 10:52:51,667 INFO     ___FILE_ONLY___ 

2018-05-08 10:52:51,667 INFO     ___FILE_ONLY___ | 
2018-05-08 10:52:51,667 INFO     ___FILE_ONLY___ Not Installed
2018-05-08 10:52:51,667 INFO     ___FILE_ONLY___  
2018-05-08 10:52:51,667 INFO     ___FILE_ONLY___ | 
2018-05-08 10:52:51,667 INFO     ___FILE_ONLY___ gcloud app Python Extensions                        
2018-05-08 10:52:51,667 INFO     ___FILE_ONLY___  
2018-05-08 10:52:51,667 INFO     ___FILE_ONLY___ | 
2018-05-08 10:52:51,667 INFO     ___FILE_ONLY___ app-engine-python       
2018-05-08 10:52:51,667 INFO     ___FILE_ONLY___  
2018-05-08 10:52:51,667 INFO     ___FILE_ONLY___ | 
2018-05-08 10:52:51,667 INFO     ___FILE_ONLY___   6.1 MiB
2018-05-08 10:52:51,667 INFO     ___FILE_ONLY___  
2018-05-08 10:52:51,668 INFO     ___FILE_ONLY___ |
2018-05-08 10:52:51,668 INFO     ___FILE_ONLY___ 

2018-05-08 10:52:51,668 INFO     ___FILE_ONLY___ | 
2018-05-08 10:52:51,668 INFO     ___FILE_ONLY___ Not Installed
2018-05-08 10:52:51,668 INFO     ___FILE_ONLY___  
2018-05-08 10:52:51,668 INFO     ___FILE_ONLY___ | 
2018-05-08 10:52:51,668 INFO     ___FILE_ONLY___ gcloud app Python Extensions (Extra Libraries)      
2018-05-08 10:52:51,668 INFO     ___FILE_ONLY___  
2018-05-08 10:52:51,668 INFO     ___FILE_ONLY___ | 
2018-05-08 10:52:51,668 INFO     ___FILE_ONLY___ app-engine-python-extras
2018-05-08 10:52:51,668 INFO     ___FILE_ONLY___  
2018-05-08 10:52:51,668 INFO     ___FILE_ONLY___ | 
2018-05-08 10:52:51,668 INFO     ___FILE_ONLY___  28.5 MiB
2018-05-08 10:52:51,668 INFO     ___FILE_ONLY___  
2018-05-08 10:52:51,668 INFO     ___FILE_ONLY___ |
2018-05-08 10:52:51,668 INFO     ___FILE_ONLY___ 

2018-05-08 10:52:51,669 INFO     ___FILE_ONLY___ | 
2018-05-08 10:52:51,669 INFO     ___FILE_ONLY___ Not Installed
2018-05-08 10:52:51,669 INFO     ___FILE_ONLY___  
2018-05-08 10:52:51,669 INFO     ___FILE_ONLY___ | 
2018-05-08 10:52:51,669 INFO     ___FILE_ONLY___ kubectl                                             
2018-05-08 10:52:51,669 INFO     ___FILE_ONLY___  
2018-05-08 10:52:51,669 INFO     ___FILE_ONLY___ | 
2018-05-08 10:52:51,669 INFO     ___FILE_ONLY___ kubectl                 
2018-05-08 10:52:51,669 INFO     ___FILE_ONLY___  
2018-05-08 10:52:51,669 INFO     ___FILE_ONLY___ | 
2018-05-08 10:52:51,669 INFO     ___FILE_ONLY___  12.3 MiB
2018-05-08 10:52:51,669 INFO     ___FILE_ONLY___  
2018-05-08 10:52:51,669 INFO     ___FILE_ONLY___ |
2018-05-08 10:52:51,669 INFO     ___FILE_ONLY___ 

2018-05-08 10:52:51,669 INFO     ___FILE_ONLY___ | 
2018-05-08 10:52:51,669 INFO     ___FILE_ONLY___ Installed    
2018-05-08 10:52:51,669 INFO     ___FILE_ONLY___  
2018-05-08 10:52:51,670 INFO     ___FILE_ONLY___ | 
2018-05-08 10:52:51,670 INFO     ___FILE_ONLY___ BigQuery Command Line Tool                          
2018-05-08 10:52:51,670 INFO     ___FILE_ONLY___  
2018-05-08 10:52:51,670 INFO     ___FILE_ONLY___ | 
2018-05-08 10:52:51,670 INFO     ___FILE_ONLY___ bq                      
2018-05-08 10:52:51,670 INFO     ___FILE_ONLY___  
2018-05-08 10:52:51,670 INFO     ___FILE_ONLY___ | 
2018-05-08 10:52:51,670 INFO     ___FILE_ONLY___   < 1 MiB
2018-05-08 10:52:51,670 INFO     ___FILE_ONLY___  
2018-05-08 10:52:51,670 INFO     ___FILE_ONLY___ |
2018-05-08 10:52:51,670 INFO     ___FILE_ONLY___ 

2018-05-08 10:52:51,670 INFO     ___FILE_ONLY___ | 
2018-05-08 10:52:51,670 INFO     ___FILE_ONLY___ Installed    
2018-05-08 10:52:51,670 INFO     ___FILE_ONLY___  
2018-05-08 10:52:51,670 INFO     ___FILE_ONLY___ | 
2018-05-08 10:52:51,671 INFO     ___FILE_ONLY___ Cloud SDK Core Libraries                            
2018-05-08 10:52:51,671 INFO     ___FILE_ONLY___  
2018-05-08 10:52:51,671 INFO     ___FILE_ONLY___ | 
2018-05-08 10:52:51,671 INFO     ___FILE_ONLY___ core                    
2018-05-08 10:52:51,671 INFO     ___FILE_ONLY___  
2018-05-08 10:52:51,671 INFO     ___FILE_ONLY___ | 
2018-05-08 10:52:51,671 INFO     ___FILE_ONLY___   7.9 MiB
2018-05-08 10:52:51,671 INFO     ___FILE_ONLY___  
2018-05-08 10:52:51,671 INFO     ___FILE_ONLY___ |
2018-05-08 10:52:51,671 INFO     ___FILE_ONLY___ 

2018-05-08 10:52:51,671 INFO     ___FILE_ONLY___ | 
2018-05-08 10:52:51,671 INFO     ___FILE_ONLY___ Installed    
2018-05-08 10:52:51,671 INFO     ___FILE_ONLY___  
2018-05-08 10:52:51,671 INFO     ___FILE_ONLY___ | 
2018-05-08 10:52:51,671 INFO     ___FILE_ONLY___ Cloud Storage Command Line Tool                     
2018-05-08 10:52:51,671 INFO     ___FILE_ONLY___  
2018-05-08 10:52:51,671 INFO     ___FILE_ONLY___ | 
2018-05-08 10:52:51,672 INFO     ___FILE_ONLY___ gsutil                  
2018-05-08 10:52:51,672 INFO     ___FILE_ONLY___  
2018-05-08 10:52:51,672 INFO     ___FILE_ONLY___ | 
2018-05-08 10:52:51,672 INFO     ___FILE_ONLY___   3.5 MiB
2018-05-08 10:52:51,672 INFO     ___FILE_ONLY___  
2018-05-08 10:52:51,672 INFO     ___FILE_ONLY___ |
2018-05-08 10:52:51,672 INFO     ___FILE_ONLY___ 

2018-05-08 10:52:51,672 INFO     ___FILE_ONLY___ +---------------+------------------------------------------------------+--------------------------+-----------+
2018-05-08 10:52:51,672 INFO     ___FILE_ONLY___ 

2018-05-08 10:52:51,672 INFO     ___FILE_ONLY___ To install or remove components at your current SDK version [200.0.0], run:
  $ gcloud components install COMPONENT_ID
  $ gcloud components remove COMPONENT_ID

To update your SDK installation to the latest version [200.0.0], run:
  $ gcloud components update


2018-05-08 10:52:51,880 DEBUG    root            Metrics reporting process started...
