2018-05-08 10:50:02,464 DEBUG    root            Loaded Command Group: [u'gcloud', u'config']
2018-05-08 10:50:02,465 DEBUG    root            Loaded Command Group: [u'gcloud', u'config', u'config_helper']
2018-05-08 10:50:02,467 DEBUG    root            Running [gcloud.config.config-helper] with arguments: [--format: "json"]
2018-05-08 10:50:02,469 INFO     root            Display format: "default json"
2018-05-08 10:50:02,470 INFO     ___FILE_ONLY___ {
  "configuration": {
    "active_configuration": "default",
    "properties": {
      "core": {
        "account": "shanky.ur.kanky@gmail.com",
        "disable_usage_reporting": "False",
        "project": "formidable-byte-176106"
      }
    }
  },
  "credential": {
    "access_token": "ya29.Gly1BYrhqPrxpbwLLdFzzw-yKa5Dn1bkw-kcmNA3YBHyntRR55lXAhJvcJ0MdJIkaZfEerxc49JenSxd_Gr-TDmzHTlH-7kYRqkwCK0ZEdJmrIQzp-4V9DjW29nh2g",
    "token_expiry": "2018-05-08T06:19:50Z"
  },
  "sentinels": {
    "config_sentinel": "/var/lib/jenkins/.config/gcloud/config_sentinel"
  }
}
2018-05-08 10:50:02,470 INFO     ___FILE_ONLY___ 

2018-05-08 10:50:02,682 DEBUG    root            Metrics reporting process started...
