2018-05-08 12:07:33,297 DEBUG    root            Loaded Command Group: [u'gcloud', u'init']
2018-05-08 12:07:33,298 DEBUG    root            Running [gcloud.init] with arguments: []
2018-05-08 12:07:33,298 INFO     ___FILE_ONLY___ Welcome! This command will take you through the configuration of gcloud.


2018-05-08 12:07:33,299 INFO     ___FILE_ONLY___ Settings from your current configuration [amu2812] are:

2018-05-08 12:07:33,300 INFO     ___FILE_ONLY___ core:
  disable_usage_reporting: 'True'

2018-05-08 12:07:33,301 INFO     ___FILE_ONLY___ 

2018-05-08 12:07:37,943 INFO     ___FILE_ONLY___ Your current configuration has been set to: [amu2812]


2018-05-08 12:07:37,943 INFO     ___FILE_ONLY___ You can skip diagnostics next time by using the following flag:

2018-05-08 12:07:37,943 INFO     ___FILE_ONLY___   gcloud init --skip-diagnostics


2018-05-08 12:07:37,943 INFO     ___FILE_ONLY___ Network diagnostic detects and fixes local network connection issues.

2018-05-08 12:07:37,944 INFO     ___FILE_ONLY___ Checking network connection...
2018-05-08 12:07:43,952 INFO     ___FILE_ONLY___ Reachability Check passed.

2018-05-08 12:07:43,952 INFO     ___FILE_ONLY___ Network diagnostic (1/1 checks) passed.


2018-05-08 12:07:45,995 DEBUG    root            Loaded Command Group: [u'gcloud', u'auth']
2018-05-08 12:07:46,000 DEBUG    root            Loaded Command Group: [u'gcloud', u'auth', u'login']
2018-05-08 12:07:46,002 INFO     root            Executing: [gcloud auth login --force --brief]
2018-05-08 12:07:46,003 DEBUG    root            Running [gcloud.auth.login] with arguments: [--brief: "True", --force: "True"]
2018-05-08 12:07:46,005 INFO     ___FILE_ONLY___ Go to the following link in your browser:

    https://accounts.google.com/o/oauth2/auth?redirect_uri=urn%3Aietf%3Awg%3Aoauth%3A2.0%3Aoob&prompt=select_account&response_type=code&client_id=32555940559.apps.googleusercontent.com&scope=https%3A%2F%2Fwww.googleapis.com%2Fauth%2Fuserinfo.email+https%3A%2F%2Fwww.googleapis.com%2Fauth%2Fcloud-platform+https%3A%2F%2Fwww.googleapis.com%2Fauth%2Fappengine.admin+https%3A%2F%2Fwww.googleapis.com%2Fauth%2Fcompute+https%3A%2F%2Fwww.googleapis.com%2Fauth%2Faccounts.reauth&access_type=offline



2018-05-08 12:09:12,566 INFO     oauth2client.client Successfully retrieved access token
2018-05-08 12:09:12,702 INFO     root            Display format: "none"
2018-05-08 12:09:12,708 INFO     ___FILE_ONLY___ You are logged in as: [amu2812@gmail.com].


2018-05-08 12:09:16,648 INFO     ___FILE_ONLY___ Your current project has been set to: [elevated-module-203506].


2018-05-08 12:09:16,664 DEBUG    root            Loaded Command Group: [u'gcloud', u'compute', u'project_info']
2018-05-08 12:09:16,701 DEBUG    root            Loaded Command Group: [u'gcloud', u'compute', u'project-info', u'describe']
2018-05-08 12:09:16,702 INFO     root            Executing: [gcloud compute project-info describe --quiet]
2018-05-08 12:09:16,704 DEBUG    root            Running [gcloud.compute.project-info.describe] with arguments: [--no-user-output-enabled: "false", --quiet: "True", --verbosity: "none"]
2018-05-08 12:09:17,321 INFO     root            Display disabled.
2018-05-08 12:09:18,807 DEBUG    root            Not configuring default .boto file. File already exists at [/var/lib/jenkins/.boto].
2018-05-08 12:09:18,808 INFO     ___FILE_ONLY___ Your Google Cloud SDK is configured and ready to use!


2018-05-08 12:09:18,808 INFO     ___FILE_ONLY___ * Commands that require authentication will use amu2812@gmail.com by default

2018-05-08 12:09:18,809 INFO     ___FILE_ONLY___ * Commands will reference project `elevated-module-203506` by default

2018-05-08 12:09:18,809 INFO     ___FILE_ONLY___ Run `gcloud help config` to learn how to change individual settings


2018-05-08 12:09:18,810 INFO     ___FILE_ONLY___ This gcloud configuration is called [amu2812]. You can create additional configurations if you work with multiple accounts and/or projects.

2018-05-08 12:09:18,810 INFO     ___FILE_ONLY___ Run `gcloud topic configurations` to learn more.


2018-05-08 12:09:18,810 INFO     ___FILE_ONLY___ Some things to try next:


2018-05-08 12:09:18,810 INFO     ___FILE_ONLY___ * Run `gcloud --help` to see the Cloud Platform services you can interact with. And run `gcloud help COMMAND` to get help on any gcloud command.

2018-05-08 12:09:18,811 INFO     ___FILE_ONLY___ * Run `gcloud topic -h` to learn about advanced features of the SDK like arg files and output formatting

2018-05-08 12:09:18,812 INFO     root            Display format: "default"
